\BOOKMARK [0][-]{chapter*.7}{Introduction}{}% 1
\BOOKMARK [0][-]{chapter.1}{Contexte g\351n\351ral du projet}{}% 2
\BOOKMARK [1][-]{section.1.1}{Pr\351sentation de l\220organisme d\220accueil}{chapter.1}% 3
\BOOKMARK [2][-]{subsection.1.1.1}{Cadre g\351n\351ral de travail}{section.1.1}% 4
\BOOKMARK [2][-]{subsection.1.1.2}{Domaines d\220activit\351 de l'entreprise}{section.1.1}% 5
\BOOKMARK [2][-]{subsection.1.1.3}{Mission de l'entreprise}{section.1.1}% 6
\BOOKMARK [1][-]{section.1.2}{\311tude de l'existant}{chapter.1}% 7
\BOOKMARK [2][-]{subsection.1.2.1}{Cadre du projet}{section.1.2}% 8
\BOOKMARK [2][-]{subsection.1.2.2}{Probl\351matique}{section.1.2}% 9
\BOOKMARK [2][-]{subsection.1.2.3}{Solution propos\351e}{section.1.2}% 10
\BOOKMARK [1][-]{section.1.3}{Planification et conduite du projet}{chapter.1}% 11
\BOOKMARK [2][-]{subsection.1.3.1}{D\351marche adopt\351e}{section.1.3}% 12
\BOOKMARK [2][-]{subsection.1.3.2}{Planning du projet}{section.1.3}% 13
\BOOKMARK [2][-]{subsection.1.3.3}{La mod\351lisation objet}{section.1.3}% 14
\BOOKMARK [1][-]{section.1.4}{Conclusion}{chapter.1}% 15
\BOOKMARK [0][-]{chapter.2}{Analyse et sp\351cification des besoins}{}% 16
\BOOKMARK [1][-]{section.2.1}{Sp\351cifications des besoins}{chapter.2}% 17
\BOOKMARK [2][-]{subsection.2.1.1}{Identification des acteurs}{section.2.1}% 18
\BOOKMARK [2][-]{subsection.2.1.2}{Les besoins fonctionnels}{section.2.1}% 19
\BOOKMARK [2][-]{subsection.2.1.3}{Les besoins non fonctionnels}{section.2.1}% 20
\BOOKMARK [1][-]{section.2.2}{Backlog produit}{chapter.2}% 21
\BOOKMARK [2][-]{subsection.2.2.1}{Planification des Sprints}{section.2.2}% 22
\BOOKMARK [2][-]{subsection.2.2.2}{Backlog des Sprints}{section.2.2}% 23
\BOOKMARK [1][-]{section.2.3}{Diagrammes des cas d'utilisation global}{chapter.2}% 24
\BOOKMARK [1][-]{section.2.4}{Diagrammes de classes global}{chapter.2}% 25
\BOOKMARK [2][-]{subsection.2.4.1}{Conclusion}{section.2.4}% 26
\BOOKMARK [0][-]{chapter.3}{La r\351alisation}{}% 27
\BOOKMARK [1][-]{section.3.1}{Sprint 1 :}{chapter.3}% 28
\BOOKMARK [1][-]{section.3.2}{Conclusion}{chapter.3}% 29
\BOOKMARK [1][-]{section.3.3}{HamzaTest}{chapter.3}% 30
\BOOKMARK [0][-]{chapter*.24}{Webographie}{}% 31
