This is pdfTeX, Version 3.14159265-2.6-1.40.20 (TeX Live 2019/W32TeX) (preloaded format=pdflatex 2020.3.1)  27 JUN 2020 01:57
entering extended mode
 restricted \write18 enabled.
 %&-line parsing enabled.
**main.tex
(./main.tex
LaTeX2e <2018-12-01>
(c:/texlive/2019/texmf-dist/tex/latex/base/report.cls
Document Class: report 2018/09/03 v1.4i Standard LaTeX document class
(c:/texlive/2019/texmf-dist/tex/latex/base/size12.clo
File: size12.clo 2018/09/03 v1.4i Standard LaTeX file (size option)
)
\c@part=\count80
\c@chapter=\count81
\c@section=\count82
\c@subsection=\count83
\c@subsubsection=\count84
\c@paragraph=\count85
\c@subparagraph=\count86
\c@figure=\count87
\c@table=\count88
\abovecaptionskip=\skip41
\belowcaptionskip=\skip42
\bibindent=\dimen102
)
(c:/texlive/2019/texmf-dist/tex/latex/base/inputenc.sty
Package: inputenc 2018/08/11 v1.3c Input encoding file
\inpenc@prehook=\toks14
\inpenc@posthook=\toks15
)
(c:/texlive/2019/texmf-dist/tex/latex/base/fontenc.sty
Package: fontenc 2018/08/11 v2.0j Standard LaTeX package

(c:/texlive/2019/texmf-dist/tex/latex/base/t1enc.def
File: t1enc.def 2018/08/11 v2.0j Standard LaTeX file
LaTeX Font Info:    Redeclaring font encoding T1 on input line 48.
))
(c:/texlive/2019/texmf-dist/tex/generic/babel/babel.sty
Package: babel 2019/04/03 3.29 The Babel package

(c:/texlive/2019/texmf-dist/tex/generic/babel/switch.def
File: switch.def 2019/04/03 3.29 Babel switching mechanism
)
(c:/texlive/2019/texmf-dist/tex/generic/babel-french/french.ldf
Language: french 2019/03/30 v3.5e French support from the babel system

(c:/texlive/2019/texmf-dist/tex/generic/babel/babel.def
File: babel.def 2019/04/03 3.29 Babel common definitions
\babel@savecnt=\count89
\U@D=\dimen103

(c:/texlive/2019/texmf-dist/tex/generic/babel/txtbabel.def)
\bbl@dirlevel=\count90
)
\l@acadian = a dialect from \language\l@french 
\FB@nonchar=\count91
Package babel Info: Making : an active character on input line 414.
Package babel Info: Making ; an active character on input line 415.
Package babel Info: Making ! an active character on input line 416.
Package babel Info: Making ? an active character on input line 417.
\FBguill@level=\count92
\FBold@everypar=\toks16
\FB@Mht=\dimen104
\mc@charclass=\count93
\mc@charfam=\count94
\mc@charslot=\count95
\std@mcc=\count96
\dec@mcc=\count97
\c@FBcaption@count=\count98
\listindentFB=\dimen105
\descindentFB=\dimen106
\labelindentFB=\dimen107
\labelwidthFB=\dimen108
\leftmarginFB=\dimen109
\parindentFFN=\dimen110
\FBfnindent=\dimen111
))
(c:/texlive/2019/texmf-dist/tex/latex/carlisle/scalefnt.sty)
(c:/texlive/2019/texmf-dist/tex/latex/graphics/keyval.sty
Package: keyval 2014/10/28 v1.15 key=value parser (DPC)
\KV@toks@=\toks17
)
(c:/texlive/2019/texmf-dist/tex/latex/a4wide/a4wide.sty
Package: a4wide 1994/08/30

(c:/texlive/2019/texmf-dist/tex/latex/ntgclass/a4.sty
Package: a4 2004/04/15 v1.2g A4 based page layout
))
(c:/texlive/2019/texmf-dist/tex/latex/graphics/graphicx.sty
Package: graphicx 2017/06/01 v1.1a Enhanced LaTeX Graphics (DPC,SPQR)

(c:/texlive/2019/texmf-dist/tex/latex/graphics/graphics.sty
Package: graphics 2017/06/25 v1.2c Standard LaTeX Graphics (DPC,SPQR)

(c:/texlive/2019/texmf-dist/tex/latex/graphics/trig.sty
Package: trig 2016/01/03 v1.10 sin cos tan (DPC)
)
(c:/texlive/2019/texmf-dist/tex/latex/graphics-cfg/graphics.cfg
File: graphics.cfg 2016/06/04 v1.11 sample graphics configuration
)
Package graphics Info: Driver file: pdftex.def on input line 99.

(c:/texlive/2019/texmf-dist/tex/latex/graphics-def/pdftex.def
File: pdftex.def 2018/01/08 v1.0l Graphics/color driver for pdftex
))
\Gin@req@height=\dimen112
\Gin@req@width=\dimen113
)
(c:/texlive/2019/texmf-dist/tex/latex/placeins/placeins.sty
Package: placeins 2005/04/18  v 2.2
)
(c:/texlive/2019/texmf-dist/tex/latex/tools/array.sty
Package: array 2018/12/30 v2.4k Tabular extension package (FMi)
\col@sep=\dimen114
\ar@mcellbox=\box27
\extrarowheight=\dimen115
\NC@list=\toks18
\extratabsurround=\skip43
\backup@length=\skip44
\ar@cellbox=\box28
)
(c:/texlive/2019/texmf-dist/tex/latex/tools/tabularx.sty
Package: tabularx 2016/02/03 v2.11b `tabularx' package (DPC)
\TX@col@width=\dimen116
\TX@old@table=\dimen117
\TX@old@col=\dimen118
\TX@target=\dimen119
\TX@delta=\dimen120
\TX@cols=\count99
\TX@ftn=\toks19
)
(c:/texlive/2019/texmf-dist/tex/latex/xcolor/xcolor.sty
Package: xcolor 2016/05/11 v2.12 LaTeX color extensions (UK)

(c:/texlive/2019/texmf-dist/tex/latex/graphics-cfg/color.cfg
File: color.cfg 2016/01/02 v1.6 sample color configuration
)
Package xcolor Info: Driver file: pdftex.def on input line 225.

(c:/texlive/2019/texmf-dist/tex/latex/colortbl/colortbl.sty
Package: colortbl 2018/12/12 v1.0d Color table columns (DPC)
\everycr=\toks20
\minrowclearance=\skip45
)
\rownum=\count100
Package xcolor Info: Model `cmy' substituted by `cmy0' on input line 1348.
Package xcolor Info: Model `hsb' substituted by `rgb' on input line 1352.
Package xcolor Info: Model `RGB' extended on input line 1364.
Package xcolor Info: Model `HTML' substituted by `rgb' on input line 1366.
Package xcolor Info: Model `Hsb' substituted by `hsb' on input line 1367.
Package xcolor Info: Model `tHsb' substituted by `hsb' on input line 1368.
Package xcolor Info: Model `HSB' substituted by `hsb' on input line 1369.
Package xcolor Info: Model `Gray' substituted by `gray' on input line 1370.
Package xcolor Info: Model `wave' substituted by `hsb' on input line 1371.
)
(c:/texlive/2019/texmf-dist/tex/latex/wrapfig/wrapfig.sty
\wrapoverhang=\dimen121
\WF@size=\dimen122
\c@WF@wrappedlines=\count101
\WF@box=\box29
\WF@everypar=\toks21
Package: wrapfig 2003/01/31  v 3.6
)
(c:/texlive/2019/texmf-dist/tex/latex/tools/longtable.sty
Package: longtable 2014/10/28 v4.11 Multi-page Table package (DPC)+ FMi change
\LTleft=\skip46
\LTright=\skip47
\LTpre=\skip48
\LTpost=\skip49
\LTchunksize=\count102
\LTcapwidth=\dimen123
\LT@head=\box30
\LT@firsthead=\box31
\LT@foot=\box32
\LT@lastfoot=\box33
\LT@cols=\count103
\LT@rows=\count104
\c@LT@tables=\count105
\c@LT@chunks=\count106
\LT@p@ftn=\toks22
)
(c:/texlive/2019/texmf-dist/tex/latex/float/float.sty
Package: float 2001/11/08 v1.3d Float enhancements (AL)
\c@float@type=\count107
\float@exts=\toks23
\float@box=\box34
\@float@everytoks=\toks24
\@floatcapt=\box35
)
(c:/texlive/2019/texmf-dist/tex/latex/graphics/lscape.sty
Package: lscape 2000/10/22 v3.01 Landscape Pages (DPC)
)
(c:/texlive/2019/texmf-dist/tex/latex/tools/afterpage.sty
Package: afterpage 2014/10/28 v1.08 After-Page Package (DPC)
\AP@output=\toks25
\AP@partial=\box36
\AP@footins=\box37
)
(c:/texlive/2019/texmf-dist/tex/latex/graphics/rotating.sty
Package: rotating 2016/08/11 v2.16d rotated objects in LaTeX

(c:/texlive/2019/texmf-dist/tex/latex/base/ifthen.sty
Package: ifthen 2014/09/29 v1.1c Standard LaTeX ifthen package (DPC)
)
\c@r@tfl@t=\count108
\rotFPtop=\skip50
\rotFPbot=\skip51
\rot@float@box=\box38
\rot@mess@toks=\toks26
)
(c:/texlive/2019/texmf-dist/tex/latex/tocbibind/tocbibind.sty
Package: tocbibind 2010/10/13 v1.5k extra ToC listings
Package tocbibind Info: The document has chapter divisions on input line 50.


Package tocbibind Note: Using chapter style headings, unless overridden.

) (c:/texlive/2019/texmf-dist/tex/latex/pdfpages/pdfpages.sty
Package: pdfpages 2017/10/31 v0.5l Insert pages of external PDF documents (AM)

(c:/texlive/2019/texmf-dist/tex/latex/tools/calc.sty
Package: calc 2017/05/25 v4.3 Infix arithmetic (KKT,FJ)
\calc@Acount=\count109
\calc@Bcount=\count110
\calc@Adimen=\dimen124
\calc@Bdimen=\dimen125
\calc@Askip=\skip52
\calc@Bskip=\skip53
LaTeX Info: Redefining \setlength on input line 80.
LaTeX Info: Redefining \addtolength on input line 81.
\calc@Ccount=\count111
\calc@Cskip=\skip54
)
(c:/texlive/2019/texmf-dist/tex/latex/eso-pic/eso-pic.sty
Package: eso-pic 2018/04/12 v2.0h eso-pic (RN)

(c:/texlive/2019/texmf-dist/tex/generic/oberdiek/atbegshi.sty
Package: atbegshi 2016/06/09 v1.18 At begin shipout hook (HO)

(c:/texlive/2019/texmf-dist/tex/generic/oberdiek/infwarerr.sty
Package: infwarerr 2016/05/16 v1.4 Providing info/warning/error messages (HO)
)
(c:/texlive/2019/texmf-dist/tex/generic/oberdiek/ltxcmds.sty
Package: ltxcmds 2016/05/16 v1.23 LaTeX kernel commands for general use (HO)
)
(c:/texlive/2019/texmf-dist/tex/generic/oberdiek/ifpdf.sty
Package: ifpdf 2018/09/07 v3.3 Provides the ifpdf switch
)))
\AM@pagewidth=\dimen126
\AM@pageheight=\dimen127

(c:/texlive/2019/texmf-dist/tex/latex/pdfpages/pppdftex.def
File: pppdftex.def 2017/10/31 v0.5l Pdfpages driver for pdfTeX (AM)
)
\AM@pagebox=\box39
\AM@global@opts=\toks27
\AM@toc@title=\toks28
\c@AM@survey=\count112
\AM@templatesizebox=\box40
)
(c:/texlive/2019/texmf-dist/tex/latex/subfig/subfig.sty
Package: subfig 2005/06/28 ver: 1.3 subfig package

(c:/texlive/2019/texmf-dist/tex/latex/caption/caption.sty
Package: caption 2018/10/06 v3.3-154 Customizing captions (AR)

(c:/texlive/2019/texmf-dist/tex/latex/caption/caption3.sty
Package: caption3 2018/09/12 v1.8c caption3 kernel (AR)
Package caption3 Info: TeX engine: e-TeX on input line 64.
\captionmargin=\dimen128
\captionmargin@=\dimen129
\captionwidth=\dimen130
\caption@tempdima=\dimen131
\caption@indent=\dimen132
\caption@parindent=\dimen133
\caption@hangindent=\dimen134
)
\c@caption@flags=\count113
\c@ContinuedFloat=\count114
Package caption Info: float package is loaded.
Package caption Info: longtable package is loaded.

(c:/texlive/2019/texmf-dist/tex/latex/caption/ltcaption.sty
Package: ltcaption 2018/08/26 v1.4-95 longtable captions (AR)
)
Package caption Info: rotating package is loaded.
Package caption Info: wrapfig package is loaded.
)
\c@KVtest=\count115
\sf@farskip=\skip55
\sf@captopadj=\dimen135
\sf@capskip=\skip56
\sf@nearskip=\skip57
\c@subfigure=\count116
\c@subfigure@save=\count117
\c@lofdepth=\count118
\c@subtable=\count119
\c@subtable@save=\count120
\c@lotdepth=\count121
\sf@top=\skip58
\sf@bottom=\skip59
)
\figureheight=\skip60
\figurewidth=\skip61

(c:/texlive/2019/texmf-dist/tex/latex/hyperref/hyperref.sty
Package: hyperref 2018/11/30 v6.88e Hypertext links for LaTeX

(c:/texlive/2019/texmf-dist/tex/generic/oberdiek/hobsub-hyperref.sty
Package: hobsub-hyperref 2016/05/16 v1.14 Bundle oberdiek, subset hyperref (HO)


(c:/texlive/2019/texmf-dist/tex/generic/oberdiek/hobsub-generic.sty
Package: hobsub-generic 2016/05/16 v1.14 Bundle oberdiek, subset generic (HO)
Package: hobsub 2016/05/16 v1.14 Construct package bundles (HO)
Package hobsub Info: Skipping package `infwarerr' (already loaded).
Package hobsub Info: Skipping package `ltxcmds' (already loaded).
Package: ifluatex 2016/05/16 v1.4 Provides the ifluatex switch (HO)
Package ifluatex Info: LuaTeX not detected.
Package: ifvtex 2016/05/16 v1.6 Detect VTeX and its facilities (HO)
Package ifvtex Info: VTeX not detected.
Package: intcalc 2016/05/16 v1.2 Expandable calculations with integers (HO)
Package hobsub Info: Skipping package `ifpdf' (already loaded).
Package: etexcmds 2016/05/16 v1.6 Avoid name clashes with e-TeX commands (HO)
Package: kvsetkeys 2016/05/16 v1.17 Key value parser (HO)
Package: kvdefinekeys 2016/05/16 v1.4 Define keys (HO)
Package: pdftexcmds 2018/09/10 v0.29 Utility functions of pdfTeX for LuaTeX (HO
)
Package pdftexcmds Info: LuaTeX not detected.
Package pdftexcmds Info: \pdf@primitive is available.
Package pdftexcmds Info: \pdf@ifprimitive is available.
Package pdftexcmds Info: \pdfdraftmode found.
Package: pdfescape 2016/05/16 v1.14 Implements pdfTeX's escape features (HO)
Package: bigintcalc 2016/05/16 v1.4 Expandable calculations on big integers (HO
)
Package: bitset 2016/05/16 v1.2 Handle bit-vector datatype (HO)
Package: uniquecounter 2016/05/16 v1.3 Provide unlimited unique counter (HO)
)
Package hobsub Info: Skipping package `hobsub' (already loaded).
Package: letltxmacro 2016/05/16 v1.5 Let assignment for LaTeX macros (HO)
Package: hopatch 2016/05/16 v1.3 Wrapper for package hooks (HO)
Package: xcolor-patch 2016/05/16 xcolor patch
Package: atveryend 2016/05/16 v1.9 Hooks at the very end of document (HO)
Package atveryend Info: \AP@enddocument detected (standard20110627).
Package hobsub Info: Skipping package `atbegshi' (already loaded).
Package: refcount 2016/05/16 v3.5 Data extraction from label references (HO)
Package: hycolor 2016/05/16 v1.8 Color options for hyperref/bookmark (HO)
)
(c:/texlive/2019/texmf-dist/tex/generic/ifxetex/ifxetex.sty
Package: ifxetex 2010/09/12 v0.6 Provides ifxetex conditional
)
(c:/texlive/2019/texmf-dist/tex/latex/oberdiek/auxhook.sty
Package: auxhook 2016/05/16 v1.4 Hooks for auxiliary files (HO)
)
(c:/texlive/2019/texmf-dist/tex/latex/oberdiek/kvoptions.sty
Package: kvoptions 2016/05/16 v3.12 Key value format for package options (HO)
)
\@linkdim=\dimen136
\Hy@linkcounter=\count122
\Hy@pagecounter=\count123

(c:/texlive/2019/texmf-dist/tex/latex/hyperref/pd1enc.def
File: pd1enc.def 2018/11/30 v6.88e Hyperref: PDFDocEncoding definition (HO)
Now handling font encoding PD1 ...
... no UTF-8 mapping file for font encoding PD1
)
\Hy@SavedSpaceFactor=\count124

(c:/texlive/2019/texmf-dist/tex/latex/latexconfig/hyperref.cfg
File: hyperref.cfg 2002/06/06 v1.2 hyperref configuration of TeXLive
)
Package hyperref Info: Hyper figures OFF on input line 4519.
Package hyperref Info: Link nesting OFF on input line 4524.
Package hyperref Info: Hyper index ON on input line 4527.
Package hyperref Info: Plain pages OFF on input line 4534.
Package hyperref Info: Backreferencing OFF on input line 4539.
Package hyperref Info: Implicit mode ON; LaTeX internals redefined.
Package hyperref Info: Bookmarks ON on input line 4772.
\c@Hy@tempcnt=\count125

(c:/texlive/2019/texmf-dist/tex/latex/url/url.sty
\Urlmuskip=\muskip10
Package: url 2013/09/16  ver 3.4  Verb mode for urls, etc.
)
LaTeX Info: Redefining \url on input line 5125.
\XeTeXLinkMargin=\dimen137
\Fld@menulength=\count126
\Field@Width=\dimen138
\Fld@charsize=\dimen139
Package hyperref Info: Hyper figures OFF on input line 6380.
Package hyperref Info: Link nesting OFF on input line 6385.
Package hyperref Info: Hyper index ON on input line 6388.
Package hyperref Info: backreferencing OFF on input line 6395.
Package hyperref Info: Link coloring OFF on input line 6400.
Package hyperref Info: Link coloring with OCG OFF on input line 6405.
Package hyperref Info: PDF/A mode OFF on input line 6410.
LaTeX Info: Redefining \ref on input line 6450.
LaTeX Info: Redefining \pageref on input line 6454.
\Hy@abspage=\count127
\c@Item=\count128
\c@Hfootnote=\count129
)
Package hyperref Info: Driver: hpdftex.

(c:/texlive/2019/texmf-dist/tex/latex/hyperref/hpdftex.def
File: hpdftex.def 2018/11/30 v6.88e Hyperref driver for pdfTeX
\Fld@listcount=\count130
\c@bookmark@seq@number=\count131

(c:/texlive/2019/texmf-dist/tex/latex/oberdiek/rerunfilecheck.sty
Package: rerunfilecheck 2016/05/16 v1.8 Rerun checks for auxiliary files (HO)
Package uniquecounter Info: New unique counter `rerunfilecheck' on input line 2
82.
)
\Hy@SectionHShift=\skip62
)
Package hyperref Info: Option `colorlinks' set `true' on input line 40.

(c:/texlive/2019/texmf-dist/tex/latex/changepage/changepage.sty
Package: changepage 2009/10/20 v1.0c check page and change page layout
\c@cp@cntr=\count132
\cp@tempcnt=\count133
)
(c:/texlive/2019/texmf-dist/tex/latex/multirow/multirow.sty
Package: multirow 2019/01/01 v2.4 Span multiple rows of a table
\multirow@colwidth=\skip63
\multirow@cntb=\count134
\multirow@dima=\skip64
\bigstrutjot=\dimen140
)
(c:/texlive/2019/texmf-dist/tex/latex/fancyhdr/fancyhdr.sty
Package: fancyhdr 2019/01/31 v3.10 Extensive control of page headers and footer
s
\f@nch@headwidth=\skip65
\f@nch@O@elh=\skip66
\f@nch@O@erh=\skip67
\f@nch@O@olh=\skip68
\f@nch@O@orh=\skip69
\f@nch@O@elf=\skip70
\f@nch@O@erf=\skip71
\f@nch@O@olf=\skip72
\f@nch@O@orf=\skip73
)

Package Fancyhdr Warning: \fancyhead's `E' option without twoside option is use
less on input line 55.


Package Fancyhdr Warning: \fancyhead's `E' option without twoside option is use
less on input line 56.

\c@subsubsubsection=\count135
(c:/texlive/2019/texmf-dist/tex/latex/amscls/amsthm.sty
Package: amsthm 2017/10/31 v2.20.4
\thm@style=\toks29
\thm@bodyfont=\toks30
\thm@headfont=\toks31
\thm@notefont=\toks32
\thm@headpunct=\toks33
\thm@preskip=\skip74
\thm@postskip=\skip75
\thm@headsep=\skip76
\dth@everypar=\toks34
)
(c:/texlive/2019/texmf-dist/tex/latex/amsfonts/amssymb.sty
Package: amssymb 2013/01/14 v3.01 AMS font symbols

(c:/texlive/2019/texmf-dist/tex/latex/amsfonts/amsfonts.sty
Package: amsfonts 2013/01/14 v3.01 Basic AMSFonts support
\@emptytoks=\toks35
\symAMSa=\mathgroup4
\symAMSb=\mathgroup5
LaTeX Font Info:    Overwriting math alphabet `\mathfrak' in version `bold'
(Font)                  U/euf/m/n --> U/euf/b/n on input line 106.
))
(c:/texlive/2019/texmf-dist/tex/latex/amsmath/amsmath.sty
Package: amsmath 2018/12/01 v2.17b AMS math features
\@mathmargin=\skip77

For additional information on amsmath, use the `?' option.
(c:/texlive/2019/texmf-dist/tex/latex/amsmath/amstext.sty
Package: amstext 2000/06/29 v2.01 AMS text

(c:/texlive/2019/texmf-dist/tex/latex/amsmath/amsgen.sty
File: amsgen.sty 1999/11/30 v2.0 generic functions
\@emptytoks=\toks36
\ex@=\dimen141
))
(c:/texlive/2019/texmf-dist/tex/latex/amsmath/amsbsy.sty
Package: amsbsy 1999/11/29 v1.2d Bold Symbols
\pmbraise@=\dimen142
)
(c:/texlive/2019/texmf-dist/tex/latex/amsmath/amsopn.sty
Package: amsopn 2016/03/08 v2.02 operator names
)
\inf@bad=\count136
LaTeX Info: Redefining \frac on input line 223.
\uproot@=\count137
\leftroot@=\count138
LaTeX Info: Redefining \overline on input line 385.
\classnum@=\count139
\DOTSCASE@=\count140
LaTeX Info: Redefining \ldots on input line 482.
LaTeX Info: Redefining \dots on input line 485.
LaTeX Info: Redefining \cdots on input line 606.
\Mathstrutbox@=\box41
\strutbox@=\box42
\big@size=\dimen143
LaTeX Font Info:    Redeclaring font encoding OML on input line 729.
LaTeX Font Info:    Redeclaring font encoding OMS on input line 730.
\macc@depth=\count141
\c@MaxMatrixCols=\count142
\dotsspace@=\muskip11
\c@parentequation=\count143
\dspbrk@lvl=\count144
\tag@help=\toks37
\row@=\count145
\column@=\count146
\maxfields@=\count147
\andhelp@=\toks38
\eqnshift@=\dimen144
\alignsep@=\dimen145
\tagshift@=\dimen146
\tagwidth@=\dimen147
\totwidth@=\dimen148
\lineht@=\dimen149
\@envbody=\toks39
\multlinegap=\skip78
\multlinetaggap=\skip79
\mathdisplay@stack=\toks40
LaTeX Info: Redefining \[ on input line 2844.
LaTeX Info: Redefining \] on input line 2845.
)
(c:/texlive/2019/texmf-dist/tex/latex/bbm-macros/bbm.sty
Package: bbm 1999/03/15 V 1.2 provides fonts for set symbols - TH
LaTeX Font Info:    Overwriting math alphabet `\mathbbm' in version `bold'
(Font)                  U/bbm/m/n --> U/bbm/bx/n on input line 33.
LaTeX Font Info:    Overwriting math alphabet `\mathbbmss' in version `bold'
(Font)                  U/bbmss/m/n --> U/bbmss/bx/n on input line 35.
)
(c:/texlive/2019/texmf-dist/tex/latex/tools/bm.sty
Package: bm 2017/01/16 v1.2c Bold Symbol Support (DPC/FMi)
\symboldoperators=\mathgroup6
\symboldletters=\mathgroup7
\symboldsymbols=\mathgroup8
LaTeX Font Info:    Redeclaring math alphabet \mathbf on input line 141.
LaTeX Info: Redefining \bm on input line 207.
)
(c:/texlive/2019/texmf-dist/tex/latex/acronym/acronym.sty
Package: acronym 2015/03/21 v1.41 Support for acronyms (Tobias Oetiker)

(c:/texlive/2019/texmf-dist/tex/latex/bigfoot/suffix.sty
Package: suffix 2006/07/15 1.5a Variant command support
)
(c:/texlive/2019/texmf-dist/tex/generic/xstring/xstring.sty
(c:/texlive/2019/texmf-dist/tex/generic/xstring/xstring.tex
\integerpart=\count148
\decimalpart=\count149
)
Package: xstring 2019/02/06 v1.83 String manipulations (CT)
)
\AC@clearlist=\toks41
)
(c:/texlive/2019/texmf-dist/tex/latex/footmisc/footmisc.sty
Package: footmisc 2011/06/06 v5.5b a miscellany of footnote facilities
\FN@temptoken=\toks42
\footnotemargin=\dimen150
\c@pp@next@reset=\count150
Package footmisc Info: Declaring symbol style bringhurst on input line 855.
Package footmisc Info: Declaring symbol style chicago on input line 863.
Package footmisc Info: Declaring symbol style wiley on input line 872.
Package footmisc Info: Declaring symbol style lamport-robust on input line 883.

Package footmisc Info: Declaring symbol style lamport* on input line 903.
Package footmisc Info: Declaring symbol style lamport*-robust on input line 924
.
)
\c@definition=\count151
\c@theoreme=\count152
\c@remarque=\count153
\c@propriete=\count154
\c@exemple=\count155

(c:/texlive/2019/texmf-dist/tex/latex/makecell/makecell.sty
Package: makecell 2009/08/03 V0.1e Managing of Tab Column Heads and Cells
\rotheadsize=\dimen151
\c@nlinenum=\count156
\TeXr@lab=\toks43
)
(c:/texlive/2019/texmf-dist/tex/latex/enumitem/enumitem.sty
Package: enumitem 2019/02/04 v3.8 Customized lists
\labelindent=\skip80
\enit@outerparindent=\dimen152
\enit@toks=\toks44
\enit@inbox=\box43
\enit@count@id=\count157
\enitdp@description=\count158
)
(c:/texlive/2019/texmf-dist/tex/latex/epigraph/epigraph.sty
Package: epigraph 2009/09/02 v1.5c typesetting epigraphs
\beforeepigraphskip=\skip81
\afterepigraphskip=\skip82
\epigraphwidth=\skip83
\epigraphrule=\skip84
) (./main.aux
(./sansnom-3.aux) (./01-Dedicace.aux) (./01-Dedicace-2.aux)
(./02-Remerciements.aux) (./03-Resume.aux) (./05-Introduction.aux)
(./06-Contexte.aux

LaTeX Warning: Label `tab: first-table' multiply defined.

) (./07-Analyse.aux) (./08-Conception-1.aux

LaTeX Warning: Label `sec:conception' multiply defined.


LaTeX Warning: Label `fig:Diagramme d' activit\IeC {\'e}s d' inscription d'un \
IeC {\'e}tudiant ' multiply defined.


LaTeX Warning: Label `sec:conception' multiply defined.


LaTeX Warning: Label `sec:conception' multiply defined.

) (./09-Realisation.aux) (./10-Conclusion.aux

LaTeX Warning: Label `fig:StarUML ' multiply defined.

))
\openout1 = `main.aux'.

LaTeX Font Info:    Checking defaults for OML/cmm/m/it on input line 210.
LaTeX Font Info:    ... okay on input line 210.
LaTeX Font Info:    Checking defaults for T1/cmr/m/n on input line 210.
LaTeX Font Info:    ... okay on input line 210.
LaTeX Font Info:    Checking defaults for OT1/cmr/m/n on input line 210.
LaTeX Font Info:    ... okay on input line 210.
LaTeX Font Info:    Checking defaults for OMS/cmsy/m/n on input line 210.
LaTeX Font Info:    ... okay on input line 210.
LaTeX Font Info:    Checking defaults for OMX/cmex/m/n on input line 210.
LaTeX Font Info:    ... okay on input line 210.
LaTeX Font Info:    Checking defaults for U/cmr/m/n on input line 210.
LaTeX Font Info:    ... okay on input line 210.
LaTeX Font Info:    Checking defaults for PD1/pdf/m/n on input line 210.
LaTeX Font Info:    ... okay on input line 210.
LaTeX Info: Redefining \degres on input line 210.
LaTeX Info: Redefining \dots on input line 210.
LaTeX Info: Redefining \up on input line 210.
 (c:/texlive/2019/texmf-dist/tex/context/base/mkii/supp-pdf.mkii
[Loading MPS to PDF converter (version 2006.09.02).]
\scratchcounter=\count159
\scratchdimen=\dimen153
\scratchbox=\box44
\nofMPsegments=\count160
\nofMParguments=\count161
\everyMPshowfont=\toks45
\MPscratchCnt=\count162
\MPscratchDim=\dimen154
\MPnumerator=\count163
\makeMPintoPDFobject=\count164
\everyMPtoPDFconversion=\toks46
) (c:/texlive/2019/texmf-dist/tex/latex/oberdiek/epstopdf-base.sty
Package: epstopdf-base 2016/05/15 v2.6 Base part for package epstopdf

(c:/texlive/2019/texmf-dist/tex/latex/oberdiek/grfext.sty
Package: grfext 2016/05/16 v1.2 Manage graphics extensions (HO)
)
Package epstopdf-base Info: Redefining graphics rule for `.eps' on input line 4
38.
Package grfext Info: Graphics extension search list:
(grfext)             [.pdf,.png,.jpg,.mps,.jpeg,.jbig2,.jb2,.PDF,.PNG,.JPG,.JPE
G,.JBIG2,.JB2,.eps]
(grfext)             \AppendGraphicsExtensions on input line 456.

(c:/texlive/2019/texmf-dist/tex/latex/latexconfig/epstopdf-sys.cfg
File: epstopdf-sys.cfg 2010/07/13 v1.3 Configuration of (r)epstopdf for TeX Liv
e
))
\AtBeginShipoutBox=\box45

(c:/texlive/2019/texmf-dist/tex/latex/oberdiek/pdflscape.sty
Package: pdflscape 2016/05/14 v0.11 Display of landscape pages in PDF (HO)
Package pdflscape Info: Auto-detected driver: pdftex on input line 81.
)
Package caption Info: Begin \AtBeginDocument code.
Package caption Info: subfig package v1.3 is loaded.
Package caption Info: hyperref package is loaded.
Package caption Info: End \AtBeginDocument code.
Package hyperref Info: Link coloring ON on input line 210.

(c:/texlive/2019/texmf-dist/tex/latex/hyperref/nameref.sty
Package: nameref 2016/05/21 v2.44 Cross-referencing by name of section

(c:/texlive/2019/texmf-dist/tex/generic/oberdiek/gettitlestring.sty
Package: gettitlestring 2016/05/16 v1.5 Cleanup title references (HO)
)
\c@section@level=\count165
)
LaTeX Info: Redefining \ref on input line 210.
LaTeX Info: Redefining \pageref on input line 210.
LaTeX Info: Redefining \nameref on input line 210.

(./main.out) (./main.out)
\@outlinefile=\write3
\openout3 = `main.out'.

\openout2 = `sansnom-3.aux'.

 (./sansnom-3.tex
<logo-ensak.png, id=422, 225.84375pt x 225.84375pt>
File: logo-ensak.png Graphic file (type png)
<use logo-ensak.png>
Package pdftex.def Info: logo-ensak.png  used on input line 6.
(pdftex.def)             Requested size: 71.13081pt x 56.90533pt.
LaTeX Font Info:    Try loading font information for U+msa on input line 9.

(c:/texlive/2019/texmf-dist/tex/latex/amsfonts/umsa.fd
File: umsa.fd 2013/01/14 v3.01 AMS symbols A
)
LaTeX Font Info:    Try loading font information for U+msb on input line 9.

(c:/texlive/2019/texmf-dist/tex/latex/amsfonts/umsb.fd
File: umsb.fd 2013/01/14 v3.01 AMS symbols B
)
<uni.png, id=423, 301.125pt x 301.125pt>
File: uni.png Graphic file (type png)
<use uni.png>
Package pdftex.def Info: uni.png  used on input line 20.
(pdftex.def)             Requested size: 56.90189pt x 71.13196pt.
 [1


{c:/texlive/2019/texmf-var/fonts/map/pdftex/updmap/pdftex.map} <./logo-ensak.pn
g> <./uni.png>])
\openout2 = `01-Dedicace.aux'.


(./01-Dedicace.texpdfTeX warning (ext4): destination with the same identifier (
name{page.1}) has been already used, duplicate ignored
<to be read again> 
                   \relax 
l.26 \clearpage
                [1



])
\openout2 = `01-Dedicace-2.aux'.

 (./01-Dedicace-2.tex [2




])
\openout2 = `02-Remerciements.aux'.

 (./02-Remerciements.tex
Underfull \hbox (badness 10000) in paragraph at lines 20--21

 []

[3




])
\openout2 = `03-Resume.aux'.

 (./03-Resume.tex) (./main.toc [4





] [5] [6])
\tf@toc=\write4
\openout4 = `main.toc'.

 [7] (./main.lof [8


] [9]
[10])
\tf@lof=\write5
\openout5 = `main.lof'.

 [11] (./main.lot [12

])
\tf@lot=\write6
\openout6 = `main.lot'.

 [13]
\openout2 = `05-Introduction.aux'.

 (./05-Introduction.tex [14




]
<images/Ulearn.png, id=855, 200.75pt x 200.75pt>
File: images/Ulearn.png Graphic file (type png)
<use images/Ulearn.png>
Package pdftex.def Info: images/Ulearn.png  used on input line 88.
(pdftex.def)             Requested size: 142.26378pt x 142.27312pt.
) [15 <./images/Ulearn.png>]
\openout2 = `06-Contexte.aux'.

 (./06-Contexte.tex
Chapitre 1.

Overfull \hbox (2.13808pt too wide) in paragraph at lines 4--9
[][]\T1/cmr/m/it/12 ce cha-pitre in-tro-duc-tif est dans le but de mettre le tr
a-vail dans son contexte
 []

<images/Sanstllitre1.png, id=862, 298.716pt x 181.8795pt>
File: images/Sanstllitre1.png Graphic file (type png)
<use images/Sanstllitre1.png>
Package pdftex.def Info: images/Sanstllitre1.png  used on input line 12.
(pdftex.def)             Requested size: 284.55344pt x 170.71974pt.
[16



 <./images/Sanstllitre1.png>]
<images/sqli_logo.png, id=869, 286.06876pt x 208.78pt>
File: images/sqli_logo.png Graphic file (type png)
<use images/sqli_logo.png>
Package pdftex.def Info: images/sqli_logo.png  used on input line 24.
(pdftex.def)             Requested size: 142.26378pt x 103.82904pt.
LaTeX Font Info:    Try loading font information for OMS+cmr on input line 37.

(c:/texlive/2019/texmf-dist/tex/latex/base/omscmr.fd
File: omscmr.fd 2014/09/29 v2.5h Standard LaTeX font definitions
)
LaTeX Font Info:    Font shape `OMS/cmr/m/n' in size <12> not available
(Font)              Font shape `OMS/cmsy/m/n' tried instead on input line 37.
 [17

 <./images/sqli_logo.png>]

Package Fancyhdr Warning: \headheight is too small (14.5pt): 
Make it at least 14.84344pt.
We now make it that large for the rest of the document.
This may cause the page layout to be inconsistent, however.

[18] [19]
Underfull \hbox (badness 10000) in paragraph at lines 149--154
[]|\T1/cmr/m/n/12 -Amélioration de la com-mu-ni-ca-
 []


Underfull \hbox (badness 10000) in paragraph at lines 149--154
\T1/cmr/m/n/12 tion. -Règles dé-fi-nies clai-re-ment.
 []


Underfull \hbox (badness 10000) in paragraph at lines 159--159
[]|\T1/cmr/m/n/12 Points
 []


Overfull \hbox (7.90022pt too wide) in paragraph at lines 127--168
 [][] 
 []

[20

]
<images/scrum.png, id=894, 612.03656pt x 280.04625pt>
File: images/scrum.png Graphic file (type png)
<use images/scrum.png>
Package pdftex.def Info: images/scrum.png  used on input line 194.
(pdftex.def)             Requested size: 426.78836pt x 176.41296pt.
 [21 <./images/scrum.png>]
<images/RôlesScrum.jpg, id=899, 414.348pt x 210.7875pt>
File: images/RôlesScrum.jpg Graphic file (type jpg)
<use images/RôlesScrum.jpg>
Package pdftex.def Info: images/RôlesScrum.jpg  used on input line 216.
(pdftex.def)             Requested size: 398.33858pt x 241.85374pt.
LaTeX Font Info:    Font shape `OMS/cmr/m/n' in size <10.95> not available
(Font)              Font shape `OMS/cmsy/m/n' tried instead on input line 225.
 [22 <./images/RôlesScrum.jpg>]
<images/LesévènementsScrum.png, id=905, 468.5505pt x 366.168pt>
File: images/LesévènementsScrum.png Graphic file (type png)
<use images/LesévènementsScrum.png>
Package pdftex.def Info: images/LesévènementsScrum.png  used on input line 250.

(pdftex.def)             Requested size: 398.34845pt x 241.85042pt.
LaTeX Font Info:    Try loading font information for T1+cmss on input line 256.


(c:/texlive/2019/texmf-dist/tex/latex/base/t1cmss.fd
File: t1cmss.fd 2014/09/29 v2.5h Standard LaTeX font definitions
) [23 <./images/LesévènementsScrum.png>] [24]
<images/gantt.PNG, id=922, 785.334pt x 437.83575pt>
File: images/gantt.PNG Graphic file (type png)
<use images/gantt.PNG>
Package pdftex.def Info: images/gantt.PNG  used on input line 293.
(pdftex.def)             Requested size: 483.70253pt x 426.81131pt.

Overfull \hbox (22.9813pt too wide) in paragraph at lines 293--294
 [][] 
 []

[25 <./images/gantt.PNG>]) [26

]
\openout2 = `07-Analyse.aux'.

 (./07-Analyse.tex
Chapitre 2.
<images/Sanstllitre2.png, id=931, 216.20775pt x 270.41025pt>
File: images/Sanstllitre2.png Graphic file (type png)
<use images/Sanstllitre2.png>
Package pdftex.def Info: images/Sanstllitre2.png  used on input line 8.
(pdftex.def)             Requested size: 227.62526pt x 256.07542pt.
[27



 <./images/Sanstllitre2.png>]
<images/LetriangledejeanHoussaye.jpg, id=936, 375.4025pt x 230.8625pt>
File: images/LetriangledejeanHoussaye.jpg Graphic file (type jpg)
<use images/LetriangledejeanHoussaye.jpg>
Package pdftex.def Info: images/LetriangledejeanHoussaye.jpg  used on input lin
e 58.
(pdftex.def)             Requested size: 398.36581pt x 284.54745pt.
 [28

]
Overfull \hbox (4.57355pt too wide) in paragraph at lines 66--68
[]\T1/cmr/m/n/12 Le pro-ces-sus En-sei-gner : axé de fa-çon pri-vi-lé-giée sur 
la re-la-tion Savoir-Enseignant,
 []

[29 <./images/LetriangledejeanHoussaye.jpg>]
<images/profiles.jpg, id=946, 633.36626pt x 472.76625pt>
File: images/profiles.jpg Graphic file (type jpg)
<use images/profiles.jpg>
Package pdftex.def Info: images/profiles.jpg  used on input line 90.
(pdftex.def)             Requested size: 398.34634pt x 241.85062pt.

Underfull \hbox (badness 10000) in paragraph at lines 95--96

 []


Overfull \hbox (38.47443pt too wide) in paragraph at lines 100--131
 [][] 
 []

<images/DiagrammeCom.jpg, id=948, 783.92876pt x 486.81876pt>
File: images/DiagrammeCom.jpg Graphic file (type jpg)
<use images/DiagrammeCom.jpg>
Package pdftex.def Info: images/DiagrammeCom.jpg  used on input line 136.
(pdftex.def)             Requested size: 369.89394pt x 199.16614pt.

Underfull \vbox (badness 10000) has occurred while \output is active []

 [30

 <./images/profiles.jpg>] [31 <./images/DiagrammeCom.jpg>] [32

]
Underfull \hbox (badness 10000) in paragraph at lines 195--199

 []


Underfull \hbox (badness 10000) in paragraph at lines 200--201

 []


Underfull \hbox (badness 10000) in paragraph at lines 202--203

 []


Underfull \hbox (badness 10000) in paragraph at lines 204--207

 []

[33]
<images/PackageDiagram1.jpg, id=969, 1166.3575pt x 754.82pt>
File: images/PackageDiagram1.jpg Graphic file (type jpg)
<use images/PackageDiagram1.jpg>
Package pdftex.def Info: images/PackageDiagram1.jpg  used on input line 245.
(pdftex.def)             Requested size: 227.60786pt x 142.25401pt.
<images/Untitled-Project.jpg, id=970, 1204.5pt x 1703.36375pt>
File: images/Untitled-Project.jpg Graphic file (type jpg)
<use images/Untitled-Project.jpg>
Package pdftex.def Info: images/Untitled-Project.jpg  used on input line 257.
(pdftex.def)             Requested size: 512.17223pt x 455.23595pt.

Overfull \hbox (51.45099pt too wide) in paragraph at lines 257--258
 [][] 
 []

[34 <./images/PackageDiagram1.jpg>]
Underfull \vbox (badness 5417) has occurred while \output is active []

 [35 <./images/Untitled-Project.jpg>]
<images/Diagrammedecasdutilisationgénéra.jpg, id=985, 1316.92pt x 805.0075pt>
File: images/Diagrammedecasdutilisationgénéra.jpg Graphic file (type jpg)
<use images/Diagrammedecasdutilisationgénéra.jpg>
Package pdftex.def Info: images/Diagrammedecasdutilisationgénéra.jpg  used on i
nput line 271.
(pdftex.def)             Requested size: 512.14993pt x 398.3387pt.

Overfull \hbox (51.4287pt too wide) in paragraph at lines 271--272
 [][] 
 []


Underfull \hbox (badness 10000) in paragraph at lines 279--285

 []

[36 <./images/Diagrammedecasdutilisationgénéra.jpg>]
<images/Larelation.jpg, id=992, 564.30824pt x 331.2375pt>
File: images/Larelation.jpg Graphic file (type jpg)
<use images/Larelation.jpg>
Package pdftex.def Info: images/Larelation.jpg  used on input line 306.
(pdftex.def)             Requested size: 369.89583pt x 193.47748pt.
 [37 <./images/Larelation.jpg>]
<images/DiagrammedeclasseClassDiagram.jpg, id=998, 1663.21375pt x 1337.99875pt>

File: images/DiagrammedeclasseClassDiagram.jpg Graphic file (type jpg)
<use images/DiagrammedeclasseClassDiagram.jpg>
Package pdftex.def Info: images/DiagrammedeclasseClassDiagram.jpg  used on inpu
t line 317.
(pdftex.def)             Requested size: 512.13945pt x 455.24022pt.

Overfull \hbox (51.41821pt too wide) in paragraph at lines 317--318
 [][] 
 []

[38

 <./images/DiagrammedeclasseClassDiagram.jpg>]

LaTeX Warning: `h' float specifier changed to `ht'.


LaTeX Warning: `h' float specifier changed to `ht'.


LaTeX Warning: `h' float specifier changed to `ht'.


LaTeX Warning: `h' float specifier changed to `ht'.


LaTeX Warning: `h' float specifier changed to `ht'.


LaTeX Warning: `h' float specifier changed to `ht'.

[39

] [40] [41]

LaTeX Warning: `h' float specifier changed to `ht'.

[42

]
<images/DiagrammedeDéploiement.png, id=1022, 637.78275pt x 231.86626pt>
File: images/DiagrammedeDéploiement.png Graphic file (type png)
<use images/DiagrammedeDéploiement.png>
Package pdftex.def Info: images/DiagrammedeDéploiement.png  used on input line 
705.
(pdftex.def)             Requested size: 512.17325pt x 227.62715pt.

Overfull \hbox (51.45201pt too wide) in paragraph at lines 705--706
 [][] 
 []

) [43 <./images/DiagrammedeDéploiement.png>]
\openout2 = `08-Conception-1.aux'.

 (./08-Conception-1.tex
Chapitre 3.
<images/Sanstfjitre.png, id=1027, 357.7365pt x 299.31825pt>
File: images/Sanstfjitre.png Graphic file (type png)
<use images/Sanstfjitre.png>
Package pdftex.def Info: images/Sanstfjitre.png  used on input line 11.
(pdftex.def)             Requested size: 284.53561pt x 227.62581pt.
[44



 <./images/Sanstfjitre.png>]
<images/Décompositionsprint1enItems.png, id=1032, 538.4115pt x 389.65575pt>
File: images/Décompositionsprint1enItems.png Graphic file (type png)
<use images/Décompositionsprint1enItems.png>
Package pdftex.def Info: images/Décompositionsprint1enItems.png  used on input 
line 40.
(pdftex.def)             Requested size: 369.88588pt x 284.5474pt.
 [45

 <./images/Décompositionsprint1enItems.png>]

LaTeX Warning: No positions in optional float specifier.
               Default added (so using `tbp') on input line 47.


Underfull \hbox (badness 10000) in paragraph at lines 48--49

 []


Overfull \hbox (47.16049pt too wide) in paragraph at lines 50--63
[][] 
 []


Underfull \hbox (badness 10000) in paragraph at lines 71--72

 []


LaTeX Warning: `h' float specifier changed to `ht'.

[46]
<images/DiagrammedeCasdutilisationSauthentifier.png, id=1041, 904.37875pt x 482
.80376pt>
File: images/DiagrammedeCasdutilisationSauthentifier.png Graphic file (type png
)
<use images/DiagrammedeCasdutilisationSauthentifier.png>
Package pdftex.def Info: images/DiagrammedeCasdutilisationSauthentifier.png  us
ed on input line 102.
(pdftex.def)             Requested size: 369.87311pt x 284.53497pt.
 [47


 <./images/DiagrammedeCasdutilisationSauthentifier.png>]
<images/Diagrséquencesystèmeauthentification.jpg, id=1049, 936.49875pt x 875.27
pt>
File: images/Diagrséquencesystèmeauthentification.jpg Graphic file (type jpg)
<use images/Diagrséquencesystèmeauthentification.jpg>
Package pdftex.def Info: images/Diagrséquencesystèmeauthentification.jpg  used 
on input line 146.
(pdftex.def)             Requested size: 369.89151pt x 284.52615pt.
 [48 <./images/Diagrséquencesystèmeauthentification.jpg>]
<images/inscription.png, id=1062, 1927.2pt x 964.60374pt>
File: images/inscription.png Graphic file (type png)
<use images/inscription.png>
Package pdftex.def Info: images/inscription.png  used on input line 160.
(pdftex.def)             Requested size: 284.50949pt x 176.403pt.
<images/identif.png, id=1063, 1194.4625pt x 684.5575pt>
File: images/identif.png Graphic file (type png)
<use images/identif.png>
Package pdftex.def Info: images/identif.png  used on input line 171.
(pdftex.def)             Requested size: 483.69998pt x 227.61772pt.

Overfull \hbox (22.97874pt too wide) in paragraph at lines 171--172
 [][] 
 []

[49

 <./images/inscription.png> <./images/identif.png>]
<images/CasutilisationGérprofil.jpg, id=1070, 954.56625pt x 663.47874pt>
File: images/CasutilisationGérprofil.jpg Graphic file (type jpg)
<use images/CasutilisationGérprofil.jpg>
Package pdftex.def Info: images/CasutilisationGérprofil.jpg  used on input line
 188.
(pdftex.def)             Requested size: 369.87604pt x 284.531pt.
 [50

 <./images/CasutilisationGérprofil.jpg>]
<images/editprofparetud.png, id=1078, 1127.412pt x 545.6385pt>
File: images/editprofparetud.png Graphic file (type png)
<use images/editprofparetud.png>
Package pdftex.def Info: images/editprofparetud.png  used on input line 232.
(pdftex.def)             Requested size: 483.69394pt x 312.98206pt.

Overfull \hbox (22.9727pt too wide) in paragraph at lines 232--233
 [][] 
 []

[51 <./images/editprofparetud.png>]
<images/Décompositionsprint2enItems.png, id=1087, 558.28575pt x 360.1455pt>
File: images/Décompositionsprint2enItems.png Graphic file (type png)
<use images/Décompositionsprint2enItems.png>
Package pdftex.def Info: images/Décompositionsprint2enItems.png  used on input 
line 272.
(pdftex.def)             Requested size: 369.88383pt x 284.53929pt.
 [52

 <./images/Décompositionsprint2enItems.png>]

LaTeX Warning: No positions in optional float specifier.
               Default added (so using `tbp') on input line 285.


Underfull \hbox (badness 10000) in paragraph at lines 286--287

 []


Overfull \hbox (51.70801pt too wide) in paragraph at lines 288--305
[][] 
 []


Underfull \hbox (badness 10000) in paragraph at lines 313--314

 []


LaTeX Warning: `h' float specifier changed to `ht'.

[53]
<images/Diagrammedecasdutilisationdétailléadministr.jpg, id=1096, 1597.97pt x 1
025.8325pt>
File: images/Diagrammedecasdutilisationdétailléadministr.jpg Graphic file (type
 jpg)
<use images/Diagrammedecasdutilisationdétailléadministr.jpg>
Package pdftex.def Info: images/Diagrammedecasdutilisationdétailléadministr.jpg
  used on input line 358.
(pdftex.def)             Requested size: 512.14111pt x 455.24963pt.

Overfull \hbox (51.41988pt too wide) in paragraph at lines 358--359
 [][] 
 []

[54


 <./images/Diagrammedecasdutilisationdétailléadministr.jpg>] [55

]
<images/DiagrammesdeséquenceducasdutilisationModifierunutilisa.jpg, id=1112, 13
16.92pt x 839.135pt>
File: images/DiagrammesdeséquenceducasdutilisationModifierunutilisa.jpg Graphic
 file (type jpg)
<use images/DiagrammesdeséquenceducasdutilisationModifierunutilisa.jpg>
Package pdftex.def Info: images/DiagrammesdeséquenceducasdutilisationModifierun
utilisa.jpg  used on input line 408.
(pdftex.def)             Requested size: 398.33437pt x 369.88635pt.

Underfull \hbox (badness 10000) in paragraph at lines 421--425

 []

[56

 <./images/DiagrammesdeséquenceducasdutilisationModifierunutilisa.jpg>]
<images/DiagrammedeséquenceducasdutilisationSupprimerunutilisateur.jpg, id=1117
, 1306.8825pt x 945.5325pt>
File: images/DiagrammedeséquenceducasdutilisationSupprimerunutilisateur.jpg Gra
phic file (type jpg)
<use images/DiagrammedeséquenceducasdutilisationSupprimerunutilisateur.jpg>
Package pdftex.def Info: images/DiagrammedeséquenceducasdutilisationSupprimerun
utilisateur.jpg  used on input line 452.
(pdftex.def)             Requested size: 398.32938pt x 284.5276pt.

[57 <./images/DiagrammedeséquenceducasdutilisationSupprimerunutilisateur.jpg>]
<images/DiagrammesdeséquenceducasdutilisationAjouterunutilisateur.jpg, id=1132,
 1266.7325pt x 955.57pt>
File: images/DiagrammesdeséquenceducasdutilisationAjouterunutilisateur.jpg Grap
hic file (type jpg)
<use images/DiagrammesdeséquenceducasdutilisationAjouterunutilisateur.jpg>
Package pdftex.def Info: images/DiagrammesdeséquenceducasdutilisationAjouterunu
tilisateur.jpg  used on input line 491.
(pdftex.def)             Requested size: 369.87509pt x 213.39008pt.

[58

 <./images/DiagrammesdeséquenceducasdutilisationAjouterunutilisateur.jpg>]
[59

]
<images/DiagrammeactivitésGérerlesutilisateurs.jpg, id=1161, 1167.36125pt x 805
.0075pt>
File: images/DiagrammeactivitésGérerlesutilisateurs.jpg Graphic file (type jpg)

<use images/DiagrammeactivitésGérerlesutilisateurs.jpg>
Package pdftex.def Info: images/DiagrammeactivitésGérerlesutilisateurs.jpg  use
d on input line 539.
(pdftex.def)             Requested size: 369.87605pt x 369.87804pt.
<images/SDFI.png, id=1162, 1927.2pt x 900.36375pt>
File: images/SDFI.png Graphic file (type png)
<use images/SDFI.png>
Package pdftex.def Info: images/SDFI.png  used on input line 558.
(pdftex.def)             Requested size: 369.87704pt x 170.71368pt.
 [60

 <./images/DiagrammeactivitésGérerlesutilisateurs.jpg>]
<images/screencapture-localhost-8000-users-2020-06-24-21_01_22.png, id=1169, 19
27.2pt x 905.3825pt>
File: images/screencapture-localhost-8000-users-2020-06-24-21_01_22.png Graphic
 file (type png)
<use images/screencapture-localhost-8000-users-2020-06-24-21_01_22.png>
Package pdftex.def Info: images/screencapture-localhost-8000-users-2020-06-24-2
1_01_22.png  used on input line 566.
(pdftex.def)             Requested size: 369.87704pt x 170.71204pt.
 [61 <./images/SDFI.png> <./images/screencapture-localhost-8000-users-2020-06-2
4-21_01_22.png>]
<images/Diagrammeactivitésinscriptioun.jpg, id=1176, 1391.1975pt x 1056.94875pt
>
File: images/Diagrammeactivitésinscriptioun.jpg Graphic file (type jpg)
<use images/Diagrammeactivitésinscriptioun.jpg>
Package pdftex.def Info: images/Diagrammeactivitésinscriptioun.jpg  used on inp
ut line 578.
(pdftex.def)             Requested size: 369.87558pt x 284.5252pt.

Overfull \hbox (9.48018pt too wide) in paragraph at lines 583--584
[]\T1/cmr/m/n/17.28 Description du pro-ces-sus de dia-gramme d'ac-ti-vi-tés ^^S
Vé-ri-fie d'ins-
 []

[62

 <./images/Diagrammeactivitésinscriptioun.jpg>]
<images/Diagrammecollaborationréinscriptiondunétudiant.jpg, id=1181, 1357.07pt 
x 664.4825pt>
File: images/Diagrammecollaborationréinscriptiondunétudiant.jpg Graphic file (t
ype jpg)
<use images/Diagrammecollaborationréinscriptiondunétudiant.jpg>
Package pdftex.def Info: images/Diagrammecollaborationréinscriptiondunétudiant.
jpg  used on input line 601.
(pdftex.def)             Requested size: 369.8719pt x 284.52548pt.
 [63 <./images/Diagrammecollaborationréinscriptiondunétudiant.jpg>]
File: images/inscription.png Graphic file (type png)
<use images/inscription.png>
Package pdftex.def Info: images/inscription.png  used on input line 619.
(pdftex.def)             Requested size: 512.1465pt x 227.60918pt.

Overfull \hbox (51.42526pt too wide) in paragraph at lines 619--620
 [][] 
 []

<images/sbahcbLIFEQ.png, id=1186, 772.0845pt x 600.44325pt>
File: images/sbahcbLIFEQ.png Graphic file (type png)
<use images/sbahcbLIFEQ.png>
Package pdftex.def Info: images/sbahcbLIFEQ.png  used on input line 627.
(pdftex.def)             Requested size: 284.52403pt x 176.40543pt.
[64

 <./images/sbahcbLIFEQ.png>]
<images/UseCaseDiagram1qw.jpg, id=1191, 915.42pt x 574.145pt>
File: images/UseCaseDiagram1qw.jpg Graphic file (type jpg)
<use images/UseCaseDiagram1qw.jpg>
Package pdftex.def Info: images/UseCaseDiagram1qw.jpg  used on input line 638.
(pdftex.def)             Requested size: 369.87704pt x 341.44092pt.
 [65

 <./images/UseCaseDiagram1qw.jpg>]
<images/Diagséquencesystèmedemodificationderôleutilisateur.jpg, id=1196, 933.48
75pt x 925.4575pt>
File: images/Diagséquencesystèmedemodificationderôleutilisateur.jpg Graphic fil
e (type jpg)
<use images/Diagséquencesystèmedemodificationderôleutilisateur.jpg>
Package pdftex.def Info: images/Diagséquencesystèmedemodificationderôleutilisat
eur.jpg  used on input line 653.
(pdftex.def)             Requested size: 369.8844pt x 426.78883pt.
 [66

 <./images/Diagséquencesystèmedemodificationderôleutilisateur.jpg>]
<images/FGHt.png, id=1202, 1128.01425pt x 540.21825pt>
File: images/FGHt.png Graphic file (type png)
<use images/FGHt.png>
Package pdftex.def Info: images/FGHt.png  used on input line 667.
(pdftex.def)             Requested size: 369.8878pt x 284.54204pt.
<images/QVI.png, id=1203, 1871.99374pt x 900.36375pt>
File: images/QVI.png Graphic file (type png)
<use images/QVI.png>
Package pdftex.def Info: images/QVI.png  used on input line 674.
(pdftex.def)             Requested size: 369.87897pt x 113.80913pt.
 [67

 <./images/FGHt.png> <./images/QVI.png>]
<images/Décompositionsprint3enItems.png, id=1209, 595.62524pt x 348.1005pt>
File: images/Décompositionsprint3enItems.png Graphic file (type png)
<use images/Décompositionsprint3enItems.png>
Package pdftex.def Info: images/Décompositionsprint3enItems.png  used on input 
line 713.
(pdftex.def)             Requested size: 369.90184pt x 284.53065pt.
 [68

 <./images/Décompositionsprint3enItems.png>]

LaTeX Warning: No positions in optional float specifier.
               Default added (so using `tbp') on input line 731.


Underfull \hbox (badness 10000) in paragraph at lines 732--733

 []


Underfull \hbox (badness 10000) in paragraph at lines 760--761

 []


LaTeX Warning: `h' float specifier changed to `ht'.

[69]
<images/DiagrammedecasutilisationdétailléProfesseur.jpg, id=1218, 1226.5825pt x
 664.4825pt>
File: images/DiagrammedecasutilisationdétailléProfesseur.jpg Graphic file (type
 jpg)
<use images/DiagrammedecasutilisationdétailléProfesseur.jpg>
Package pdftex.def Info: images/DiagrammedecasutilisationdétailléProfesseur.jpg
  used on input line 802.
(pdftex.def)             Requested size: 512.14784pt x 227.62444pt.

Overfull \hbox (51.4266pt too wide) in paragraph at lines 802--803
 [][] 
 []

<images/CasutilisationGérerlescours.jpg, id=1219, 1086.0575pt x 493.845pt>
File: images/CasutilisationGérerlescours.jpg Graphic file (type jpg)
<use images/CasutilisationGérerlescours.jpg>
Package pdftex.def Info: images/CasutilisationGérerlescours.jpg  used on input 
line 827.
(pdftex.def)             Requested size: 483.70007pt x 170.71579pt.

Overfull \hbox (22.97884pt too wide) in paragraph at lines 827--828
 [][] 
 []

[70



 <./images/DiagrammedecasutilisationdétailléProfesseur.jpg> <./images/Casutilis
ationGérerlescours.jpg>]
<images/DiagrammedeséquenceGererlescours.jpg, id=1224, 1246.6575pt x 909.3975pt
>
File: images/DiagrammedeséquenceGererlescours.jpg Graphic file (type jpg)
<use images/DiagrammedeséquenceGererlescours.jpg>
Package pdftex.def Info: images/DiagrammedeséquenceGererlescours.jpg  used on i
nput line 843.
(pdftex.def)             Requested size: 369.8913pt x 312.97928pt.
 [71

 <./images/DiagrammedeséquenceGererlescours.jpg>] [72]
<images/Diagrammedeséquencesupprimerunematière.jpg, id=1249, 933.4875pt x 808.0
1875pt>
File: images/Diagrammedeséquencesupprimerunematière.jpg Graphic file (type jpg)

<use images/Diagrammedeséquencesupprimerunematière.jpg>
Package pdftex.def Info: images/Diagrammedeséquencesupprimerunematière.jpg  use
d on input line 930.
(pdftex.def)             Requested size: 369.8844pt x 199.16844pt.
 [73

 <./images/Diagrammedeséquencesupprimerunematière.jpg>]
<images/DiagrammeactivitésGérerlescou.jpg, id=1261, 2099.845pt x 1588.93625pt>
File: images/DiagrammeactivitésGérerlescou.jpg Graphic file (type jpg)
<use images/DiagrammeactivitésGérerlescou.jpg>
Package pdftex.def Info: images/DiagrammeactivitésGérerlescou.jpg  used on inpu
t line 979.
(pdftex.def)             Requested size: 455.23872pt x 398.32413pt.
 [74

 <./images/DiagrammeactivitésGérerlescou.jpg>]
<images/screencapture-localhost-8000-courses-2020-06-24-14_44_16.png, id=1266, 
1927.2pt x 1060.96375pt>
File: images/screencapture-localhost-8000-courses-2020-06-24-14_44_16.png Graph
ic file (type png)
<use images/screencapture-localhost-8000-courses-2020-06-24-14_44_16.png>
Package pdftex.def Info: images/screencapture-localhost-8000-courses-2020-06-24
-14_44_16.png  used on input line 1008.
(pdftex.def)             Requested size: 426.77895pt x 369.88586pt.
<images/screencapture-localhost-8000-courses-11-edit-2020-06-24-14_43_47.png, i
d=1267, 1927.2pt x 4658.40375pt>
File: images/screencapture-localhost-8000-courses-11-edit-2020-06-24-14_43_47.p
ng Graphic file (type png)
<use images/screencapture-localhost-8000-courses-11-edit-2020-06-24-14_43_47.pn
g>
Package pdftex.def Info: images/screencapture-localhost-8000-courses-11-edit-20
20-06-24-14_43_47.png  used on input line 1021.
(pdftex.def)             Requested size: 426.77895pt x 569.00682pt.
 [75

 <./images/screencapture-localhost-8000-courses-2020-06-24-14_44_16.png>] [76 <
./images/screencapture-localhost-8000-courses-11-edit-2020-06-24-14_43_47.png>]
<images/CasutilisationffGérerlescours.jpg, id=1279, 1086.0575pt x 493.845pt>
File: images/CasutilisationffGérerlescours.jpg Graphic file (type jpg)
<use images/CasutilisationffGérerlescours.jpg>
Package pdftex.def Info: images/CasutilisationffGérerlescours.jpg  used on inpu
t line 1052.
(pdftex.def)             Requested size: 483.70007pt x 170.71579pt.

Overfull \hbox (22.97884pt too wide) in paragraph at lines 1052--1053
 [][] 
 []

<images/DiagrammedeséqsfuenceGererlescours.jpg, id=1280, 1246.6575pt x 909.3975
pt>
File: images/DiagrammedeséqsfuenceGererlescours.jpg Graphic file (type jpg)
<use images/DiagrammedeséqsfuenceGererlescours.jpg>
Package pdftex.def Info: images/DiagrammedeséqsfuenceGererlescours.jpg  used on
 input line 1068.
(pdftex.def)             Requested size: 369.8913pt x 227.61247pt.
[77


 <./images/CasutilisationffGérerlescours.jpg> <./images/DiagrammedeséqsfuenceGe
rerlescours.jpg>] [78

]
<images/Diesupprimerunematière.jpg, id=1297, 933.4875pt x 808.01875pt>
File: images/Diesupprimerunematière.jpg Graphic file (type jpg)
<use images/Diesupprimerunematière.jpg>
Package pdftex.def Info: images/Diesupprimerunematière.jpg  used on input line 
1162.
(pdftex.def)             Requested size: 369.8844pt x 312.98074pt.
 [79 <./images/Diesupprimerunematière.jpg>] [80

]
<images/DiagrammeactivitésGérerfgzdfglescou.jpg, id=1321, 1115.16624pt x 936.49
875pt>
File: images/DiagrammeactivitésGérerfgzdfglescou.jpg Graphic file (type jpg)
<use images/DiagrammeactivitésGérerfgzdfglescou.jpg>
Package pdftex.def Info: images/DiagrammeactivitésGérerfgzdfglescou.jpg  used o
n input line 1214.
(pdftex.def)             Requested size: 398.3286pt x 369.89151pt.

[81

 <./images/DiagrammeactivitésGérerfgzdfglescou.jpg>]
<images/screencapture-localhost-8000-categories-2020-06-24-14_44_50.png, id=132
6, 1927.2pt x 1276.77pt>
File: images/screencapture-localhost-8000-categories-2020-06-24-14_44_50.png Gr
aphic file (type png)
<use images/screencapture-localhost-8000-categories-2020-06-24-14_44_50.png>
Package pdftex.def Info: images/screencapture-localhost-8000-categories-2020-06
-24-14_44_50.png  used on input line 1251.
(pdftex.def)             Requested size: 426.77895pt x 369.88367pt.
<images/screencapture-localhost-8000-users-create-2020-06-24-18_08_37.png, id=1
327, 1927.2pt x 905.3825pt>
File: images/screencapture-localhost-8000-users-create-2020-06-24-18_08_37.png 
Graphic file (type png)
<use images/screencapture-localhost-8000-users-create-2020-06-24-18_08_37.png>
Package pdftex.def Info: images/screencapture-localhost-8000-users-create-2020-
06-24-18_08_37.png  used on input line 1264.
(pdftex.def)             Requested size: 426.77895pt x 256.07497pt.
 [82

 <./images/screencapture-localhost-8000-categories-2020-06-24-14_44_50.png>]
<images/screencapture-localhost-8000-catnbnbegories-2020-06-24-22_20_06.png, id
=1333, 1927.2pt x 1367.1075pt>
File: images/screencapture-localhost-8000-catnbnbegories-2020-06-24-22_20_06.pn
g Graphic file (type png)
<use images/screencapture-localhost-8000-catnbnbegories-2020-06-24-22_20_06.png
>
Package pdftex.def Info: images/screencapture-localhost-8000-catnbnbegories-202
0-06-24-22_20_06.png  used on input line 1276.
(pdftex.def)             Requested size: 426.77895pt x 256.06084pt.
 [83 <./images/screencapture-localhost-8000-users-create-2020-06-24-18_08_37.pn
g> <./images/screencapture-localhost-8000-catnbnbegories-2020-06-24-22_20_06.pn
g>]
<images/CasdutilisationGérerlestestslesexamens.jpg, id=1340, 1276.77pt x 604.25
75pt>
File: images/CasdutilisationGérerlestestslesexamens.jpg Graphic file (type jpg)

<use images/CasdutilisationGérerlestestslesexamens.jpg>
Package pdftex.def Info: images/CasdutilisationGérerlestestslesexamens.jpg  use
d on input line 1295.
(pdftex.def)             Requested size: 369.88367pt x 284.52661pt.


Package hyperref Warning: bookmark level for unknown subsubsubsection defaults 
to 0.


Package hyperref Warning: Difference (3) between bookmark levels is greater 
(hyperref)                than one, level fixed on input line 1325.

<images/DiagrammeactivitésGérerlestestslesexamens.jpg, id=1341, 675.52374pt x 1
046.91125pt>
File: images/DiagrammeactivitésGérerlestestslesexamens.jpg Graphic file (type j
pg)
<use images/DiagrammeactivitésGérerlestestslesexamens.jpg>
Package pdftex.def Info: images/DiagrammeactivitésGérerlestestslesexamens.jpg  
used on input line 1328.
(pdftex.def)             Requested size: 369.88998pt x 369.87494pt.
[84


 <./images/CasdutilisationGérerlestestslesexamens.jpg>] [85 <./images/Diagramme
activitésGérerlestestslesexamens.jpg>]

Package hyperref Warning: Difference (2) between bookmark levels is greater 
(hyperref)                than one, level fixed on input line 1343.

<images/screencapture-localhost-9000-tpTds-2020-06-26-23_47_21.png, id=1354, 19
27.2pt x 845.1575pt>
File: images/screencapture-localhost-9000-tpTds-2020-06-26-23_47_21.png Graphic
 file (type png)
<use images/screencapture-localhost-9000-tpTds-2020-06-26-23_47_21.png>
Package pdftex.def Info: images/screencapture-localhost-9000-tpTds-2020-06-26-2
3_47_21.png  used on input line 1356.
(pdftex.def)             Requested size: 426.77895pt x 369.89735pt.
[86

 <./images/screencapture-localhost-9000-tpTds-2020-06-26-23_47_21.png>]
<images/screencapture-localhost-9000-tpTds-create-2020-06-26-23_47_33.png, id=1
360, 1927.2pt x 845.1575pt>
File: images/screencapture-localhost-9000-tpTds-create-2020-06-26-23_47_33.png 
Graphic file (type png)
<use images/screencapture-localhost-9000-tpTds-create-2020-06-26-23_47_33.png>
Package pdftex.def Info: images/screencapture-localhost-9000-tpTds-create-2020-
06-26-23_47_33.png  used on input line 1365.
(pdftex.def)             Requested size: 426.77895pt x 227.61525pt.
<images/screencapture-localhost-9000-tpTds-2020-06-26-23_48_46.png, id=1361, 19
27.2pt x 845.1575pt>
File: images/screencapture-localhost-9000-tpTds-2020-06-26-23_48_46.png Graphic
 file (type png)
<use images/screencapture-localhost-9000-tpTds-2020-06-26-23_48_46.png>
Package pdftex.def Info: images/screencapture-localhost-9000-tpTds-2020-06-26-2
3_48_46.png  used on input line 1373.
(pdftex.def)             Requested size: 426.77895pt x 170.71788pt.

[87

 <./images/screencapture-localhost-9000-tpTds-create-2020-06-26-23_47_33.png> <
./images/screencapture-localhost-9000-tpTds-2020-06-26-23_48_46.png>]
<images/Diagrammedactivitésdaffectationdesnotesétudiant.jpg, id=1368, 1086.0575
pt x 1137.24875pt>
File: images/Diagrammedactivitésdaffectationdesnotesétudiant.jpg Graphic file (
type jpg)
<use images/Diagrammedactivitésdaffectationdesnotesétudiant.jpg>
Package pdftex.def Info: images/Diagrammedactivitésdaffectationdesnotesétudiant
.jpg  used on input line 1391.
(pdftex.def)             Requested size: 369.8844pt x 284.51973pt.
<images/screencapture-localhost-9000-notes-2020-06-26-23_11_18.png, id=1369, 11
56.32pt x 507.0945pt>
File: images/screencapture-localhost-9000-notes-2020-06-26-23_11_18.png Graphic
 file (type png)
<use images/screencapture-localhost-9000-notes-2020-06-26-23_11_18.png>
Package pdftex.def Info: images/screencapture-localhost-9000-notes-2020-06-26-2
3_11_18.png  used on input line 1436.
(pdftex.def)             Requested size: 426.79071pt x 369.90508pt.

[88

 <./images/Diagrammedactivitésdaffectationdesnotesétudiant.jpg>]
<images/screencapture-localhost-9000-notes-create-2020-06-26-23_13_54.png, id=1
374, 1927.2pt x 845.1575pt>
File: images/screencapture-localhost-9000-notes-create-2020-06-26-23_13_54.png 
Graphic file (type png)
<use images/screencapture-localhost-9000-notes-create-2020-06-26-23_13_54.png>
Package pdftex.def Info: images/screencapture-localhost-9000-notes-create-2020-
06-26-23_13_54.png  used on input line 1443.
(pdftex.def)             Requested size: 426.77895pt x 199.16656pt.
 [89 <./images/screencapture-localhost-9000-notes-2020-06-26-23_11_18.png>]
<images/screencapture-localhost-9000-notes-2020-06-26-23_15_22.png, id=1380, 11
56.32pt x 507.0945pt>
File: images/screencapture-localhost-9000-notes-2020-06-26-23_15_22.png Graphic
 file (type png)
<use images/screencapture-localhost-9000-notes-2020-06-26-23_15_22.png>
Package pdftex.def Info: images/screencapture-localhost-9000-notes-2020-06-26-2
3_15_22.png  used on input line 1451.
(pdftex.def)             Requested size: 426.79071pt x 210.55635pt.
 [90 <./images/screencapture-localhost-9000-notes-create-2020-06-26-23_13_54.pn
g> <./images/screencapture-localhost-9000-notes-2020-06-26-23_15_22.png>]
<images/Décompositionsprint4enItems.png, id=1389, 603.4545pt x 385.44pt>
File: images/Décompositionsprint4enItems.png Graphic file (type png)
<use images/Décompositionsprint4enItems.png>
Package pdftex.def Info: images/Décompositionsprint4enItems.png  used on input 
line 1488.
(pdftex.def)             Requested size: 369.89305pt x 284.52713pt.
 [91


 <./images/Décompositionsprint4enItems.png>]

LaTeX Warning: No positions in optional float specifier.
               Default added (so using `tbp') on input line 1500.


Underfull \hbox (badness 10000) in paragraph at lines 1501--1502

 []

[92

]
<images/DiagrammedecasdutilisationdétailléÉtudiant.jpg, id=1398, 1156.32pt x 63
4.37pt>
File: images/DiagrammedecasdutilisationdétailléÉtudiant.jpg Graphic file (type 
jpg)
<use images/DiagrammedecasdutilisationdétailléÉtudiant.jpg>
Package pdftex.def Info: images/DiagrammedecasdutilisationdétailléÉtudiant.jpg 
 used on input line 1558.
(pdftex.def)             Requested size: 483.69261pt x 284.5346pt.

Overfull \hbox (22.97137pt too wide) in paragraph at lines 1558--1559
 [][] 
 []

[93


 <./images/DiagrammedecasdutilisationdétailléÉtudiant.jpg>]
<images/dliensapprentissage.jpg, id=1404, 933.4875pt x 387.4475pt>
File: images/dliensapprentissage.jpg Graphic file (type jpg)
<use images/dliensapprentissage.jpg>
Package pdftex.def Info: images/dliensapprentissage.jpg  used on input line 160
9.
(pdftex.def)             Requested size: 369.8844pt x 199.16818pt.
<images/eyjgkjo.png, id=1405, 1156.32pt x 741.36975pt>
File: images/eyjgkjo.png Graphic file (type png)
<use images/eyjgkjo.png>
Package pdftex.def Info: images/eyjgkjo.png  used on input line 1626.
(pdftex.def)             Requested size: 483.69261pt x 199.1657pt.

Overfull \hbox (22.97137pt too wide) in paragraph at lines 1626--1627
 [][] 
 []

[94 <./images/dliensapprentissage.jpg>]
<images/eyooogkjo.png, id=1418, 1156.32pt x 576.9555pt>
File: images/eyooogkjo.png Graphic file (type png)
<use images/eyooogkjo.png>
Package pdftex.def Info: images/eyooogkjo.png  used on input line 1641.
(pdftex.def)             Requested size: 483.69261pt x 170.711pt.

Overfull \hbox (22.97137pt too wide) in paragraph at lines 1641--1642
 [][] 
 []

[95 <./images/eyjgkjo.png> <./images/eyooogkjo.png>]
<images/qgbmb.png, id=1425, 1108.74225pt x 539.616pt>
File: images/qgbmb.png Graphic file (type png)
<use images/qgbmb.png>
Package pdftex.def Info: images/qgbmb.png  used on input line 1661.
(pdftex.def)             Requested size: 483.70319pt x 312.98573pt.

Overfull \hbox (22.98195pt too wide) in paragraph at lines 1661--1662
 [][] 
 []

<images/screencapture-127-0-0-1-8000-courses-12-2020-06-22-12_20_28.png, id=142
6, 1156.32pt x 1512.852pt>
File: images/screencapture-127-0-0-1-8000-courses-12-2020-06-22-12_20_28.png Gr
aphic file (type png)
<use images/screencapture-127-0-0-1-8000-courses-12-2020-06-22-12_20_28.png>
Package pdftex.def Info: images/screencapture-127-0-0-1-8000-courses-12-2020-06
-22-12_20_28.png  used on input line 1680.
(pdftex.def)             Requested size: 483.69261pt x 569.04944pt.

Overfull \hbox (22.97137pt too wide) in paragraph at lines 1680--1681
 [][] 
 []

[96

 <./images/qgbmb.png>] [97 <./images/screencapture-127-0-0-1-8000-courses-12-20
20-06-22-12_20_28.png>]
<images/mimi.png, id=1438, 733.74126pt x 713.66624pt>
File: images/mimi.png Graphic file (type png)
<use images/mimi.png>
Package pdftex.def Info: images/mimi.png  used on input line 1693.
(pdftex.def)             Requested size: 483.69974pt x 398.33272pt.

Overfull \hbox (22.9785pt too wide) in paragraph at lines 1693--1694
 [][] 
 []

<images/screencapture-localfhdhost-8000-courses-10-2020-06-22-12_43_22.png, id=
1439, 1156.32pt x 2172.918pt>
File: images/screencapture-localfhdhost-8000-courses-10-2020-06-22-12_43_22.png
 Graphic file (type png)
<use images/screencapture-localfhdhost-8000-courses-10-2020-06-22-12_43_22.png>

Package pdftex.def Info: images/screencapture-localfhdhost-8000-courses-10-2020
-06-22-12_43_22.png  used on input line 1705.
(pdftex.def)             Requested size: 483.69261pt x 569.05672pt.

Overfull \hbox (22.97137pt too wide) in paragraph at lines 1705--1706
 [][] 
 []

[98

 <./images/mimi.png>] [99 <./images/screencapture-localfhdhost-8000-courses-10-
2020-06-22-12_43_22.png>]
<images/diagrammedeséquencesconsulteragendadeslivrable.jpg, id=1450, 658.46pt x
 397.485pt>
File: images/diagrammedeséquencesconsulteragendadeslivrable.jpg Graphic file (t
ype jpg)
<use images/diagrammedeséquencesconsulteragendadeslivrable.jpg>
Package pdftex.def Info: images/diagrammedeséquencesconsulteragendadeslivrable.
jpg  used on input line 1728.
(pdftex.def)             Requested size: 369.89053pt x 113.81206pt.
<images/rfbhdtjlivrables.jpg, id=1451, 658.46pt x 397.485pt>
File: images/rfbhdtjlivrables.jpg Graphic file (type jpg)
<use images/rfbhdtjlivrables.jpg>
Package pdftex.def Info: images/rfbhdtjlivrables.jpg  used on input line 1746.
(pdftex.def)             Requested size: 369.89053pt x 113.81206pt.
 [100


 <./images/diagrammedeséquencesconsulteragendadeslivrable.jpg> <./images/rfbhdt
jlivrables.jpg>]
<images/Diagrammedactivitédunapprenantsurlespace.jpg, id=1456, 1216.545pt x 845
.1575pt>
File: images/Diagrammedactivitédunapprenantsurlespace.jpg Graphic file (type jp
g)
<use images/Diagrammedactivitédunapprenantsurlespace.jpg>
Package pdftex.def Info: images/Diagrammedactivitédunapprenantsurlespace.jpg  u
sed on input line 1772.
(pdftex.def)             Requested size: 369.8855pt x 312.98709pt.
<images/screencapture-localhost-9000-notes-2020-06-26-23_16_34.png, id=1457, 11
56.32pt x 507.0945pt>
File: images/screencapture-localhost-9000-notes-2020-06-26-23_16_34.png Graphic
 file (type png)
<use images/screencapture-localhost-9000-notes-2020-06-26-23_16_34.png>
Package pdftex.def Info: images/screencapture-localhost-9000-notes-2020-06-26-2
3_16_34.png  used on input line 1784.
(pdftex.def)             Requested size: 483.69261pt x 369.90508pt.

Overfull \hbox (22.97137pt too wide) in paragraph at lines 1784--1785
 [][] 
 []

[101

 <./images/Diagrammedactivitédunapprenantsurlespace.jpg>]) [102 <./images/scree
ncapture-localhost-9000-notes-2020-06-26-23_16_34.png>]
\openout2 = `09-Realisation.aux'.


(./09-Realisation.tex
Chapitre 4.
<images/Sansuitre.png, id=1468, 306.54526pt x 171.64125pt>
File: images/Sansuitre.png Graphic file (type png)
<use images/Sansuitre.png>
Package pdftex.def Info: images/Sansuitre.png  used on input line 13.
(pdftex.def)             Requested size: 341.4433pt x 199.16943pt.
[103



 <./images/Sansuitre.png>]
Overfull \hbox (31.0231pt too wide) in paragraph at lines 31--45
 [] 
 []

<images/VisualStudioCode.png, id=1475, 1204.5pt x 1204.5pt>
File: images/VisualStudioCode.png Graphic file (type png)
<use images/VisualStudioCode.png>
Package pdftex.def Info: images/VisualStudioCode.png  used on input line 61.
(pdftex.def)             Requested size: 85.35284pt x 71.12737pt.
LaTeX Font Info:    Try loading font information for T1+cmtt on input line 71.
(c:/texlive/2019/texmf-dist/tex/latex/base/t1cmtt.fd
File: t1cmtt.fd 2014/09/29 v2.5h Standard LaTeX font definitions
)
<images/maxresdefault.jpg, id=1481, 1284.8pt x 722.7pt>
File: images/maxresdefault.jpg Graphic file (type jpg)
<use images/maxresdefault.jpg>
Package pdftex.def Info: images/maxresdefault.jpg  used on input line 76.
(pdftex.def)             Requested size: 199.16154pt x 142.26576pt.
 [104

 <./images/VisualStudioCode.png>]
<images/mysql.jpg, id=1494, 1606.0pt x 1606.0pt>
File: images/mysql.jpg Graphic file (type jpg)
<use images/mysql.jpg>
Package pdftex.def Info: images/mysql.jpg  used on input line 89.
(pdftex.def)             Requested size: 113.80379pt x 85.35284pt.

Underfull \hbox (badness 6592) in paragraph at lines 96--96
[][][]\T1/cmr/m/n/10 .[]XAMPP est l'en-vi-ron-ne-ment de dé-ve-lop-pe-ment PHP 
le plus po-pu-laire [][]$\T1/cmtt/m/n/10 https : / / www .
 []

<images/xampplogo.jpg, id=1498, 555.0336pt x 224.7597pt>
File: images/xampplogo.jpg Graphic file (type jpg)
<use images/xampplogo.jpg>
Package pdftex.def Info: images/xampplogo.jpg  used on input line 109.
(pdftex.def)             Requested size: 113.80803pt x 56.90312pt.
[105 <./images/maxresdefault.jpg> <./images/mysql.jpg>]
<images/unnamed.jpg, id=1516, 401.5pt x 401.5pt>
File: images/unnamed.jpg Graphic file (type jpg)
<use images/unnamed.jpg>
Package pdftex.def Info: images/unnamed.jpg  used on input line 123.
(pdftex.def)             Requested size: 113.80992pt x 85.35896pt.
<images/HTML5.png, id=1518, 225.84375pt x 225.84375pt>
File: images/HTML5.png Graphic file (type png)
<use images/HTML5.png>
Package pdftex.def Info: images/HTML5.png  used on input line 148.
(pdftex.def)             Requested size: 85.35973pt x 71.13081pt.
 [106 <./images/xampplogo.jpg> <./images/unnamed.jpg>]
Overfull \hbox (4.47214pt too wide) in paragraph at lines 159--160
[]\T1/cmr/m/n/12 Certains mo-dules com-mencent avec leur propre ver-sion et con
trôle de ni-veau (exemple :
 []

<images/css.png, id=1527, 702.625pt x 437.635pt>
File: images/css.png Graphic file (type png)
<use images/css.png>
Package pdftex.def Info: images/css.png  used on input line 164.
(pdftex.def)             Requested size: 85.3513pt x 71.13153pt.
<images/bootstrap.png, id=1530, 827.09pt x 413.545pt>
File: images/bootstrap.png Graphic file (type png)
<use images/bootstrap.png>
Package pdftex.def Info: images/bootstrap.png  used on input line 179.
(pdftex.def)             Requested size: 85.35149pt x 71.12834pt.
[107 <./images/HTML5.png> <./images/css.png>]
<images/git.jpg, id=1543, 513.92pt x 286.06876pt>
File: images/git.jpg Graphic file (type jpg)
<use images/git.jpg>
Package pdftex.def Info: images/git.jpg  used on input line 203.
(pdftex.def)             Requested size: 170.71548pt x 85.35858pt.
<images/lms.png, id=1544, 1261.71375pt x 547.04375pt>
File: images/lms.png Graphic file (type png)
<use images/lms.png>
Package pdftex.def Info: images/lms.png  used on input line 211.
(pdftex.def)             Requested size: 483.6917pt x 227.61992pt.

Overfull \hbox (22.97046pt too wide) in paragraph at lines 211--212
 [][] 
 []

[108 <./images/bootstrap.png> <./images/git.jpg>]
<images/6_github.png, id=1553, 1245.65375pt x 544.0325pt>
File: images/6_github.png Graphic file (type png)
<use images/6_github.png>
Package pdftex.def Info: images/6_github.png  used on input line 218.
(pdftex.def)             Requested size: 483.69322pt x 227.62045pt.

Overfull \hbox (22.97198pt too wide) in paragraph at lines 218--219
 [][] 
 []

[109 <./images/lms.png> <./images/6_github.png>]
<images/php.png, id=1561, 307.1475pt x 165.61874pt>
File: images/php.png Graphic file (type png)
<use images/php.png>
Package pdftex.def Info: images/php.png  used on input line 240.
(pdftex.def)             Requested size: 85.35863pt x 71.13127pt.
<images/laravel.png, id=1565, 604.2575pt x 302.12875pt>
File: images/laravel.png Graphic file (type png)
<use images/laravel.png>
Package pdftex.def Info: images/laravel.png  used on input line 256.
(pdftex.def)             Requested size: 85.35153pt x 71.12935pt.
<images/Infyom.png, id=1569, 2134.97626pt x 790.955pt>
File: images/Infyom.png Graphic file (type png)
<use images/Infyom.png>
Package pdftex.def Info: images/Infyom.png  used on input line 273.
(pdftex.def)             Requested size: 142.23149pt x 85.35187pt.
 [110

 <./images/php.png> <./images/laravel.png>]
<images/LaTeX.png, id=1584, 2007.5pt x 836.12375pt>
File: images/LaTeX.png Graphic file (type png)
<use images/LaTeX.png>
Package pdftex.def Info: images/LaTeX.png  used on input line 290.
(pdftex.def)             Requested size: 85.34059pt x 56.90158pt.
) [111 <./images/Infyom.png (PNG copy)> <./images/LaTeX.png>]
\openout2 = `10-Conclusion.aux'.


(./10-Conclusion.tex
<images/Processusactueldedéveloppement.png, id=1592, 468.5505pt x 140.32425pt>
File: images/Processusactueldedéveloppement.png Graphic file (type png)
<use images/Processusactueldedéveloppement.png>
Package pdftex.def Info: images/Processusactueldedéveloppement.png  used on inp
ut line 18.
(pdftex.def)             Requested size: 199.1635pt x 113.81189pt.
) [112



 <./images/Processusactueldedéveloppement.png>]
(./main.bbl
Underfull \hbox (badness 6876) in paragraph at lines 9--13
[]\T1/cmr/m/n/12 Wikipedia, ``Dia-gramme de classes --- Wi-ki-pe-dia, the free 
en-cy-clo-pe-dia.''
 []


Underfull \hbox (badness 10000) in paragraph at lines 9--13
[][]$\T1/cmtt/m/n/12 http : / / fr . wikipedia . org / w / index . php ? title 
= Diagramme % 20de % 20classes &
 []


Underfull \hbox (badness 10000) in paragraph at lines 15--19
\T1/cmtt/m/n/12 wikipedia . org / w / index . php ? title = Visual % 20Studio %
 20Code & oldid = 171121594$[][]\T1/cmr/m/n/12 ,
 []


Underfull \hbox (badness 10000) in paragraph at lines 37--41
[]\T1/cmr/m/n/12 Wikipédia, ``Apache tom-cat --- wi-ki-pé-dia, l'en-cy-clo-pé-d
ie libre.'' [][]$\T1/cmtt/m/n/12 http :
 []


Underfull \hbox (badness 10000) in paragraph at lines 37--41
\T1/cmtt/m/n/12 / / fr . wikipedia . org / w / index . php ? title = Apache _ T
omcat & oldid = 159469213$[][]\T1/cmr/m/n/12 ,
 []


Underfull \hbox (badness 2662) in paragraph at lines 43--48
[]\T1/cmr/m/n/12 Wikipedia, ``Hy-per-text Mar-kup Lan-guage --- Wi-ki-pe-dia, t
he free en-cy-clo-pe-
 []


Underfull \hbox (badness 10000) in paragraph at lines 43--48
\T1/cmr/m/n/12 dia.'' [][]$\T1/cmtt/m/n/12 http : / / de . wikipedia . org / w 
/ index . php ? title = Hypertext % 20Markup %
 []


Underfull \hbox (badness 4391) in paragraph at lines 50--55
[]\T1/cmr/m/n/12 Wikipedia, ``Feuilles de style en cas-cade --- Wi-ki-pe-dia, t
he free en-cy-clo-
 []


Underfull \hbox (badness 4673) in paragraph at lines 57--62
\T1/cmr/m/n/12 dia.'' [][]$\T1/cmtt/m/n/12 http : / / en . wikipedia . org / w 
/ index . php ? title = Bootstrap % 20(front-[]end %
 []

[113



])
Package atveryend Info: Empty hook `BeforeClearDocument' on input line 248.
 [114]
Package atveryend Info: Empty hook `AfterLastShipout' on input line 248.
 (./main.aux (./sansnom-3.aux) (./01-Dedicace.aux)
(./01-Dedicace-2.aux) (./02-Remerciements.aux) (./03-Resume.aux)
(./05-Introduction.aux) (./06-Contexte.aux) (./07-Analyse.aux)
(./08-Conception-1.aux) (./09-Realisation.aux) (./10-Conclusion.aux))
Package atveryend Info: Executing hook `AtVeryEndDocument' on input line 248.
Package atveryend Info: Executing hook `AtEndAfterFileList' on input line 248.
Package rerunfilecheck Info: File `main.out' has not changed.
(rerunfilecheck)             Checksum: 9925DD9605A1CFFAC54E53F7278FA53D;9654.


LaTeX Warning: There were multiply-defined labels.

Package atveryend Info: Empty hook `AtVeryVeryEnd' on input line 248.
 ) 
Here is how much of TeX's memory you used:
 13223 strings out of 492623
 206832 string characters out of 6133291
 332752 words of memory out of 5000000
 16181 multiletter control sequences out of 15000+600000
 31212 words of font info for 81 fonts, out of 8000000 for 9000
 1141 hyphenation exceptions out of 8191
 44i,18n,48p,767b,752s stack positions out of 5000i,500n,10000p,200000b,80000s
pdfTeX warning (dest): name{Hfootnote.12} has been referenced but does not ex
ist, replaced by a fixed one

pdfTeX warning (dest): name{Hfootnote.11} has been referenced but does not exis
t, replaced by a fixed one

pdfTeX warning (dest): name{Hfootnote.10} has been referenced but does not exis
t, replaced by a fixed one

pdfTeX warning (dest): name{cite.wiki\\penalty\040\\@M\040\040:Laravel} has bee
n referenced but does not exist, replaced by a fixed one

pdfTeX warning (dest): name{Hfootnote.9} has been referenced but does not exist
, replaced by a fixed one

pdfTeX warning (dest): name{cite.wiki\\penalty\040\\@M\040\040:PHP} has been re
ferenced but does not exist, replaced by a fixed one

pdfTeX warning (dest): name{Hfootnote.8} has been referenced but does not exist
, replaced by a fixed one

pdfTeX warning (dest): name{cite.wiki\\penalty\040\\@M\040\040:git} has been re
ferenced but does not exist, replaced by a fixed one

pdfTeX warning (dest): name{cite.wiki\\penalty\040\\@M\040\040:Bootstrap_\(fron
t-end_framework\)} has been referenced but does not exist, replaced by a fixed 
one

pdfTeX warning (dest): name{Hfootnote.7} has been referenced but does not exist
, replaced by a fixed one

pdfTeX warning (dest): name{cite.wiki\\penalty\040\\@M\040\040:Feuilles_de_styl
e_en_cascade} has been referenced but does not exist, replaced by a fixed one

pdfTeX warning (dest): name{cite.wiki\\penalty\040\\@M\040\040:Hypertext_Markup
_Language} has been referenced but does not exist, replaced by a fixed one

pdfTeX warning (dest): name{cite.wiki\\penalty\040\\@M\040\040:tomcat} has been
 referenced but does not exist, replaced by a fixed one

pdfTeX warning (dest): name{Hfootnote.6} has been referenced but does not exist
, replaced by a fixed one

pdfTeX warning (dest): name{cite.wiki\\penalty\040\\@M\040\040:XAMPP} has been 
referenced but does not exist, replaced by a fixed one

pdfTeX warning (dest): name{Hfootnote.5} has been referenced but does not exist
, replaced by a fixed one

pdfTeX warning (dest): name{cite.wiki\\penalty\040\\@M\040\040:MySQL} has been 
referenced but does not exist, replaced by a fixed one

pdfTeX warning (dest): name{Hfootnote.4} has been referenced but does not exist
, replaced by a fixed one

pdfTeX warning (dest): name{cite.wiki\\penalty\040\\@M\040\040:StarUML} has bee
n referenced but does not exist, replaced by a fixed one

pdfTeX warning (dest): name{Hfootnote.3} has been referenced but does not exist
, replaced by a fixed one

pdfTeX warning (dest): name{Hfootnote.2} has been referenced but does not exist
, replaced by a fixed one

pdfTeX warning (dest): name{cite.wiki\\penalty\040\\@M\040\040:Visual_Studio_Co
de} has been referenced but does not exist, replaced by a fixed one

pdfTeX warning (dest): name{Hfootnote.1} has been referenced but does not exist
, replaced by a fixed one

pdfTeX warning (dest): name{cite.wiki\\penalty\040\\@M\040\040:Diagramme_de_cla
sses} has been referenced but does not exist, replaced by a fixed one

pdfTeX warning (dest): name{cite.wiki\\penalty\040\\@M\040\040:sqli} has been r
eferenced but does not exist, replaced by a fixed one

{c:/texlive/2019/texmf-dist/fonts/enc/dvips/cm-super/cm-super-t1.enc}<c:/texliv
e/2019/texmf-dist/fonts/type1/public/amsfonts/cm/cmmi12.pfb><c:/texlive/2019/te
xmf-dist/fonts/type1/public/amsfonts/cm/cmsy10.pfb><c:/texlive/2019/texmf-dist/
fonts/type1/public/amsfonts/symbols/msam10.pfb><c:/texlive/2019/texmf-dist/font
s/type1/public/cm-super/sfbi1200.pfb><c:/texlive/2019/texmf-dist/fonts/type1/pu
blic/cm-super/sfbi1440.pfb><c:/texlive/2019/texmf-dist/fonts/type1/public/cm-su
per/sfbx1095.pfb><c:/texlive/2019/texmf-dist/fonts/type1/public/cm-super/sfbx12
00.pfb><c:/texlive/2019/texmf-dist/fonts/type1/public/cm-super/sfbx1440.pfb><c:
/texlive/2019/texmf-dist/fonts/type1/public/cm-super/sfbx1728.pfb><c:/texlive/2
019/texmf-dist/fonts/type1/public/cm-super/sfbx2488.pfb><c:/texlive/2019/texmf-
dist/fonts/type1/public/cm-super/sfcc1200.pfb><c:/texlive/2019/texmf-dist/fonts
/type1/public/cm-super/sfcc1440.pfb><c:/texlive/2019/texmf-dist/fonts/type1/pub
lic/cm-super/sfrm0800.pfb><c:/texlive/2019/texmf-dist/fonts/type1/public/cm-sup
er/sfrm1000.pfb><c:/texlive/2019/texmf-dist/fonts/type1/public/cm-super/sfrm109
5.pfb><c:/texlive/2019/texmf-dist/fonts/type1/public/cm-super/sfrm1200.pfb><c:/
texlive/2019/texmf-dist/fonts/type1/public/cm-super/sfrm1440.pfb><c:/texlive/20
19/texmf-dist/fonts/type1/public/cm-super/sfrm1728.pfb><c:/texlive/2019/texmf-d
ist/fonts/type1/public/cm-super/sfss1200.pfb><c:/texlive/2019/texmf-dist/fonts/
type1/public/cm-super/sfti1200.pfb><c:/texlive/2019/texmf-dist/fonts/type1/publ
ic/cm-super/sfti1440.pfb><c:/texlive/2019/texmf-dist/fonts/type1/public/cm-supe
r/sftt1000.pfb><c:/texlive/2019/texmf-dist/fonts/type1/public/cm-super/sftt1200
.pfb>
Output written on main.pdf (115 pages, 13881778 bytes).
PDF statistics:
 1830 PDF objects out of 2073 (max. 8388607)
 1542 compressed objects within 16 object streams
 498 named destinations out of 1000 (max. 500000)
 1313 words of extra memory for PDF output out of 10000 (max. 10000000)

